2023-09-14 14:10:15.344 | INFO     | __main__:extract_trends:26 - compute  SMA_annual
2023-09-14 14:10:16.153 | INFO     | __main__:extract_trends:37 - append  L:\f02_data\drought_indicator\output\SMA_gs_1km_EU\SMA_gs_1km_annual\SMA_gs_1km_annual_2000.tif
2023-09-14 14:10:16.155 | INFO     | __main__:extract_trends:37 - append  L:\f02_data\drought_indicator\output\SMA_gs_1km_EU\SMA_gs_1km_annual\SMA_gs_1km_annual_2001.tif
2023-09-14 14:10:16.978 | INFO     | __main__:extract_trends:37 - append  L:\f02_data\drought_indicator\output\SMA_gs_1km_EU\SMA_gs_1km_annual\SMA_gs_1km_annual_2002.tif
2023-09-14 14:10:17.870 | INFO     | __main__:extract_trends:37 - append  L:\f02_data\drought_indicator\output\SMA_gs_1km_EU\SMA_gs_1km_annual\SMA_gs_1km_annual_2003.tif
2023-09-14 14:10:18.778 | INFO     | __main__:extract_trends:37 - append  L:\f02_data\drought_indicator\output\SMA_gs_1km_EU\SMA_gs_1km_annual\SMA_gs_1km_annual_2004.tif
2023-09-14 14:10:19.652 | INFO     | __main__:extract_trends:37 - append  L:\f02_data\drought_indicator\output\SMA_gs_1km_EU\SMA_gs_1km_annual\SMA_gs_1km_annual_2005.tif
2023-09-14 14:10:20.618 | INFO     | __main__:extract_trends:37 - append  L:\f02_data\drought_indicator\output\SMA_gs_1km_EU\SMA_gs_1km_annual\SMA_gs_1km_annual_2006.tif
2023-09-14 14:10:21.600 | INFO     | __main__:extract_trends:37 - append  L:\f02_data\drought_indicator\output\SMA_gs_1km_EU\SMA_gs_1km_annual\SMA_gs_1km_annual_2007.tif
2023-09-14 14:10:22.621 | INFO     | __main__:extract_trends:37 - append  L:\f02_data\drought_indicator\output\SMA_gs_1km_EU\SMA_gs_1km_annual\SMA_gs_1km_annual_2008.tif
2023-09-14 14:10:23.763 | INFO     | __main__:extract_trends:37 - append  L:\f02_data\drought_indicator\output\SMA_gs_1km_EU\SMA_gs_1km_annual\SMA_gs_1km_annual_2009.tif
2023-09-14 14:10:24.994 | INFO     | __main__:extract_trends:37 - append  L:\f02_data\drought_indicator\output\SMA_gs_1km_EU\SMA_gs_1km_annual\SMA_gs_1km_annual_2010.tif
2023-09-14 14:10:26.196 | INFO     | __main__:extract_trends:37 - append  L:\f02_data\drought_indicator\output\SMA_gs_1km_EU\SMA_gs_1km_annual\SMA_gs_1km_annual_2011.tif
2023-09-14 14:10:27.351 | INFO     | __main__:extract_trends:37 - append  L:\f02_data\drought_indicator\output\SMA_gs_1km_EU\SMA_gs_1km_annual\SMA_gs_1km_annual_2012.tif
2023-09-14 14:10:28.599 | INFO     | __main__:extract_trends:37 - append  L:\f02_data\drought_indicator\output\SMA_gs_1km_EU\SMA_gs_1km_annual\SMA_gs_1km_annual_2013.tif
2023-09-14 14:10:29.811 | INFO     | __main__:extract_trends:37 - append  L:\f02_data\drought_indicator\output\SMA_gs_1km_EU\SMA_gs_1km_annual\SMA_gs_1km_annual_2014.tif
2023-09-14 14:10:31.083 | INFO     | __main__:extract_trends:37 - append  L:\f02_data\drought_indicator\output\SMA_gs_1km_EU\SMA_gs_1km_annual\SMA_gs_1km_annual_2015.tif
2023-09-14 14:10:32.457 | INFO     | __main__:extract_trends:37 - append  L:\f02_data\drought_indicator\output\SMA_gs_1km_EU\SMA_gs_1km_annual\SMA_gs_1km_annual_2016.tif
2023-09-14 14:10:33.907 | INFO     | __main__:extract_trends:37 - append  L:\f02_data\drought_indicator\output\SMA_gs_1km_EU\SMA_gs_1km_annual\SMA_gs_1km_annual_2017.tif
2023-09-14 14:10:35.294 | INFO     | __main__:extract_trends:37 - append  L:\f02_data\drought_indicator\output\SMA_gs_1km_EU\SMA_gs_1km_annual\SMA_gs_1km_annual_2018.tif
2023-09-14 14:10:37.264 | INFO     | __main__:extract_trends:37 - append  L:\f02_data\drought_indicator\output\SMA_gs_1km_EU\SMA_gs_1km_annual\SMA_gs_1km_annual_2019.tif
2023-09-14 14:10:38.685 | INFO     | __main__:extract_trends:37 - append  L:\f02_data\drought_indicator\output\SMA_gs_1km_EU\SMA_gs_1km_annual\SMA_gs_1km_annual_2020.tif
2023-09-14 14:10:40.147 | INFO     | __main__:extract_trends:37 - append  L:\f02_data\drought_indicator\output\SMA_gs_1km_EU\SMA_gs_1km_annual\SMA_gs_1km_annual_2021.tif
2023-09-14 14:10:41.672 | INFO     | __main__:extract_trends:37 - append  L:\f02_data\drought_indicator\output\SMA_gs_1km_EU\SMA_gs_1km_annual\SMA_gs_1km_annual_2022.tif
2023-09-14 14:10:47.017 | INFO     | __main__:extract_trends:63 - compute Mann-Kendall slope and p-value
2023-09-14 22:36:31.316 | INFO     | __main__:extract_trends:82 - save results
2023-09-14 22:36:35.462 | INFO     | __main__:extract_trends:26 - compute  drought_pressure_intensity
2023-09-14 22:36:36.379 | INFO     | __main__:extract_trends:37 - append  L:\f02_data\drought_indicator\output\SMA_gs_1km_EU\drought_pressure_intensity_gs_1km\drought_pressure_intensity_gs_1km_2000.tif
2023-09-14 22:36:36.381 | INFO     | __main__:extract_trends:37 - append  L:\f02_data\drought_indicator\output\SMA_gs_1km_EU\drought_pressure_intensity_gs_1km\drought_pressure_intensity_gs_1km_2001.tif
2023-09-14 22:36:37.101 | INFO     | __main__:extract_trends:37 - append  L:\f02_data\drought_indicator\output\SMA_gs_1km_EU\drought_pressure_intensity_gs_1km\drought_pressure_intensity_gs_1km_2002.tif
2023-09-14 22:36:38.219 | INFO     | __main__:extract_trends:37 - append  L:\f02_data\drought_indicator\output\SMA_gs_1km_EU\drought_pressure_intensity_gs_1km\drought_pressure_intensity_gs_1km_2003.tif
2023-09-14 22:36:39.034 | INFO     | __main__:extract_trends:37 - append  L:\f02_data\drought_indicator\output\SMA_gs_1km_EU\drought_pressure_intensity_gs_1km\drought_pressure_intensity_gs_1km_2004.tif
2023-09-14 22:36:39.942 | INFO     | __main__:extract_trends:37 - append  L:\f02_data\drought_indicator\output\SMA_gs_1km_EU\drought_pressure_intensity_gs_1km\drought_pressure_intensity_gs_1km_2005.tif
2023-09-14 22:36:41.072 | INFO     | __main__:extract_trends:37 - append  L:\f02_data\drought_indicator\output\SMA_gs_1km_EU\drought_pressure_intensity_gs_1km\drought_pressure_intensity_gs_1km_2006.tif
2023-09-14 22:36:42.054 | INFO     | __main__:extract_trends:37 - append  L:\f02_data\drought_indicator\output\SMA_gs_1km_EU\drought_pressure_intensity_gs_1km\drought_pressure_intensity_gs_1km_2007.tif
2023-09-14 22:36:43.020 | INFO     | __main__:extract_trends:37 - append  L:\f02_data\drought_indicator\output\SMA_gs_1km_EU\drought_pressure_intensity_gs_1km\drought_pressure_intensity_gs_1km_2008.tif
2023-09-14 22:36:44.056 | INFO     | __main__:extract_trends:37 - append  L:\f02_data\drought_indicator\output\SMA_gs_1km_EU\drought_pressure_intensity_gs_1km\drought_pressure_intensity_gs_1km_2009.tif
2023-09-14 22:36:45.201 | INFO     | __main__:extract_trends:37 - append  L:\f02_data\drought_indicator\output\SMA_gs_1km_EU\drought_pressure_intensity_gs_1km\drought_pressure_intensity_gs_1km_2010.tif
2023-09-14 22:36:46.370 | INFO     | __main__:extract_trends:37 - append  L:\f02_data\drought_indicator\output\SMA_gs_1km_EU\drought_pressure_intensity_gs_1km\drought_pressure_intensity_gs_1km_2011.tif
2023-09-14 22:36:47.574 | INFO     | __main__:extract_trends:37 - append  L:\f02_data\drought_indicator\output\SMA_gs_1km_EU\drought_pressure_intensity_gs_1km\drought_pressure_intensity_gs_1km_2012.tif
2023-09-14 22:36:48.688 | INFO     | __main__:extract_trends:37 - append  L:\f02_data\drought_indicator\output\SMA_gs_1km_EU\drought_pressure_intensity_gs_1km\drought_pressure_intensity_gs_1km_2013.tif
2023-09-14 22:36:50.001 | INFO     | __main__:extract_trends:37 - append  L:\f02_data\drought_indicator\output\SMA_gs_1km_EU\drought_pressure_intensity_gs_1km\drought_pressure_intensity_gs_1km_2014.tif
2023-09-14 22:36:51.259 | INFO     | __main__:extract_trends:37 - append  L:\f02_data\drought_indicator\output\SMA_gs_1km_EU\drought_pressure_intensity_gs_1km\drought_pressure_intensity_gs_1km_2015.tif
2023-09-14 22:36:52.681 | INFO     | __main__:extract_trends:37 - append  L:\f02_data\drought_indicator\output\SMA_gs_1km_EU\drought_pressure_intensity_gs_1km\drought_pressure_intensity_gs_1km_2016.tif
2023-09-14 22:36:53.997 | INFO     | __main__:extract_trends:37 - append  L:\f02_data\drought_indicator\output\SMA_gs_1km_EU\drought_pressure_intensity_gs_1km\drought_pressure_intensity_gs_1km_2017.tif
2023-09-14 22:36:55.512 | INFO     | __main__:extract_trends:37 - append  L:\f02_data\drought_indicator\output\SMA_gs_1km_EU\drought_pressure_intensity_gs_1km\drought_pressure_intensity_gs_1km_2018.tif
2023-09-14 22:36:56.954 | INFO     | __main__:extract_trends:37 - append  L:\f02_data\drought_indicator\output\SMA_gs_1km_EU\drought_pressure_intensity_gs_1km\drought_pressure_intensity_gs_1km_2019.tif
2023-09-14 22:36:58.363 | INFO     | __main__:extract_trends:37 - append  L:\f02_data\drought_indicator\output\SMA_gs_1km_EU\drought_pressure_intensity_gs_1km\drought_pressure_intensity_gs_1km_2020.tif
2023-09-14 22:36:59.789 | INFO     | __main__:extract_trends:37 - append  L:\f02_data\drought_indicator\output\SMA_gs_1km_EU\drought_pressure_intensity_gs_1km\drought_pressure_intensity_gs_1km_2021.tif
2023-09-14 22:37:01.237 | INFO     | __main__:extract_trends:37 - append  L:\f02_data\drought_indicator\output\SMA_gs_1km_EU\drought_pressure_intensity_gs_1km\drought_pressure_intensity_gs_1km_2022.tif
2023-09-14 22:37:06.792 | INFO     | __main__:extract_trends:63 - compute Mann-Kendall slope and p-value
2023-09-15 02:59:19.944 | INFO     | __main__:extract_trends:82 - save results
2023-09-15 02:59:22.995 | INFO     | __main__:extract_trends:26 - compute  drought_pressure_occurrence
2023-09-15 02:59:24.532 | INFO     | __main__:extract_trends:37 - append  L:\f02_data\drought_indicator\output\SMA_gs_1km_EU\drought_pressure_occurrence_gs_1km\drought_pressure_occurrence_gs_1km_2000.tif
2023-09-15 02:59:24.534 | INFO     | __main__:extract_trends:37 - append  L:\f02_data\drought_indicator\output\SMA_gs_1km_EU\drought_pressure_occurrence_gs_1km\drought_pressure_occurrence_gs_1km_2001.tif
2023-09-15 02:59:25.788 | INFO     | __main__:extract_trends:37 - append  L:\f02_data\drought_indicator\output\SMA_gs_1km_EU\drought_pressure_occurrence_gs_1km\drought_pressure_occurrence_gs_1km_2002.tif
2023-09-15 02:59:27.415 | INFO     | __main__:extract_trends:37 - append  L:\f02_data\drought_indicator\output\SMA_gs_1km_EU\drought_pressure_occurrence_gs_1km\drought_pressure_occurrence_gs_1km_2003.tif
2023-09-15 02:59:28.756 | INFO     | __main__:extract_trends:37 - append  L:\f02_data\drought_indicator\output\SMA_gs_1km_EU\drought_pressure_occurrence_gs_1km\drought_pressure_occurrence_gs_1km_2004.tif
2023-09-15 02:59:30.393 | INFO     | __main__:extract_trends:37 - append  L:\f02_data\drought_indicator\output\SMA_gs_1km_EU\drought_pressure_occurrence_gs_1km\drought_pressure_occurrence_gs_1km_2005.tif
2023-09-15 02:59:31.984 | INFO     | __main__:extract_trends:37 - append  L:\f02_data\drought_indicator\output\SMA_gs_1km_EU\drought_pressure_occurrence_gs_1km\drought_pressure_occurrence_gs_1km_2006.tif
2023-09-15 02:59:34.057 | INFO     | __main__:extract_trends:37 - append  L:\f02_data\drought_indicator\output\SMA_gs_1km_EU\drought_pressure_occurrence_gs_1km\drought_pressure_occurrence_gs_1km_2007.tif
2023-09-15 02:59:35.849 | INFO     | __main__:extract_trends:37 - append  L:\f02_data\drought_indicator\output\SMA_gs_1km_EU\drought_pressure_occurrence_gs_1km\drought_pressure_occurrence_gs_1km_2008.tif
2023-09-15 02:59:37.537 | INFO     | __main__:extract_trends:37 - append  L:\f02_data\drought_indicator\output\SMA_gs_1km_EU\drought_pressure_occurrence_gs_1km\drought_pressure_occurrence_gs_1km_2009.tif
2023-09-15 02:59:39.311 | INFO     | __main__:extract_trends:37 - append  L:\f02_data\drought_indicator\output\SMA_gs_1km_EU\drought_pressure_occurrence_gs_1km\drought_pressure_occurrence_gs_1km_2010.tif
2023-09-15 02:59:41.537 | INFO     | __main__:extract_trends:37 - append  L:\f02_data\drought_indicator\output\SMA_gs_1km_EU\drought_pressure_occurrence_gs_1km\drought_pressure_occurrence_gs_1km_2011.tif
2023-09-15 02:59:43.615 | INFO     | __main__:extract_trends:37 - append  L:\f02_data\drought_indicator\output\SMA_gs_1km_EU\drought_pressure_occurrence_gs_1km\drought_pressure_occurrence_gs_1km_2012.tif
2023-09-15 02:59:45.854 | INFO     | __main__:extract_trends:37 - append  L:\f02_data\drought_indicator\output\SMA_gs_1km_EU\drought_pressure_occurrence_gs_1km\drought_pressure_occurrence_gs_1km_2013.tif
2023-09-15 02:59:48.071 | INFO     | __main__:extract_trends:37 - append  L:\f02_data\drought_indicator\output\SMA_gs_1km_EU\drought_pressure_occurrence_gs_1km\drought_pressure_occurrence_gs_1km_2014.tif
2023-09-15 02:59:50.420 | INFO     | __main__:extract_trends:37 - append  L:\f02_data\drought_indicator\output\SMA_gs_1km_EU\drought_pressure_occurrence_gs_1km\drought_pressure_occurrence_gs_1km_2015.tif
2023-09-15 02:59:52.551 | INFO     | __main__:extract_trends:37 - append  L:\f02_data\drought_indicator\output\SMA_gs_1km_EU\drought_pressure_occurrence_gs_1km\drought_pressure_occurrence_gs_1km_2016.tif
2023-09-15 02:59:54.748 | INFO     | __main__:extract_trends:37 - append  L:\f02_data\drought_indicator\output\SMA_gs_1km_EU\drought_pressure_occurrence_gs_1km\drought_pressure_occurrence_gs_1km_2017.tif
2023-09-15 02:59:57.027 | INFO     | __main__:extract_trends:37 - append  L:\f02_data\drought_indicator\output\SMA_gs_1km_EU\drought_pressure_occurrence_gs_1km\drought_pressure_occurrence_gs_1km_2018.tif
2023-09-15 02:59:59.469 | INFO     | __main__:extract_trends:37 - append  L:\f02_data\drought_indicator\output\SMA_gs_1km_EU\drought_pressure_occurrence_gs_1km\drought_pressure_occurrence_gs_1km_2019.tif
2023-09-15 03:00:02.014 | INFO     | __main__:extract_trends:37 - append  L:\f02_data\drought_indicator\output\SMA_gs_1km_EU\drought_pressure_occurrence_gs_1km\drought_pressure_occurrence_gs_1km_2020.tif
2023-09-15 03:00:04.541 | INFO     | __main__:extract_trends:37 - append  L:\f02_data\drought_indicator\output\SMA_gs_1km_EU\drought_pressure_occurrence_gs_1km\drought_pressure_occurrence_gs_1km_2021.tif
2023-09-15 03:00:07.376 | INFO     | __main__:extract_trends:37 - append  L:\f02_data\drought_indicator\output\SMA_gs_1km_EU\drought_pressure_occurrence_gs_1km\drought_pressure_occurrence_gs_1km_2022.tif
2023-09-15 03:00:15.469 | INFO     | __main__:extract_trends:63 - compute Mann-Kendall slope and p-value
2023-09-15 07:21:01.450 | INFO     | __main__:extract_trends:82 - save results
